Using pre-set license
Built from '2020.2/staging' branch; Version is '2020.2.0b13 (655e1a328b90) revision 6643226'; Using compiler version '192528614'; Build Type 'Release'
OS: 'Windows 10  (10.0.0) 64bit' Language: 'en' Physical Memory: 16276 MB
BatchMode: 1, IsHumanControllingUs: 0, StartBugReporterOnCrash: 0, Is64bit: 1, IsPro: 0

 COMMAND LINE ARGUMENTS:
D:\Unity\2020.2.0b13\Editor\Unity.exe
-adb2
-batchMode
-noUpm
-name
AssetImportWorker0
-projectPath
D:/Unity/Projects/Thesis Gig/a-gig
-logFile
Logs/AssetImportWorker0.log
-srvPort
51311
Successfully changed project path to: D:/Unity/Projects/Thesis Gig/a-gig
D:/Unity/Projects/Thesis Gig/a-gig
Using Asset Import Pipeline V2.
Refreshing native plugins compatible for Editor in 27.87 ms, found 0 plugins.
Preloading 0 native plugins for Editor in 0.00 ms.
Initialize engine version: 2020.2.0b13 (655e1a328b90)
[Subsystems] Discovering subsystems at path D:/Unity/2020.2.0b13/Editor/Data/Resources/UnitySubsystems
[Subsystems] Discovering subsystems at path D:/Unity/Projects/Thesis Gig/a-gig/Assets
GfxDevice: creating device client; threaded=0
Direct3D:
    Version:  Direct3D 11.0 [level 11.1]
    Renderer: NVIDIA GeForce GTX 1060 with Max-Q Design (ID=0x1c20)
    Vendor:   
    VRAM:     6052 MB
    Driver:   26.21.14.4219
Initialize mono
Mono path[0] = 'D:/Unity/2020.2.0b13/Editor/Data/Managed'
Mono path[1] = 'D:/Unity/2020.2.0b13/Editor/Data/MonoBleedingEdge/lib/mono/unityjit'
Mono config path = 'D:/Unity/2020.2.0b13/Editor/Data/MonoBleedingEdge/etc'
Using monoOptions --debugger-agent=transport=dt_socket,embedding=1,server=y,suspend=n,address=127.0.0.1:56352
Begin MonoManager ReloadAssembly
Registering precompiled unity dll's ...
Register platform support module: D:/Unity/2020.2.0b13/Editor/Data/PlaybackEngines/WebGLSupport/UnityEditor.WebGL.Extensions.dll
Register platform support module: D:/Unity/2020.2.0b13/Editor/Data/PlaybackEngines/MacStandaloneSupport/UnityEditor.OSXStandalone.Extensions.dll
Register platform support module: D:/Unity/2020.2.0b13/Editor/Data/PlaybackEngines/WindowsStandaloneSupport/UnityEditor.WindowsStandalone.Extensions.dll
Register platform support module: D:/Unity/2020.2.0b13/Editor/Data/PlaybackEngines/LinuxStandaloneSupport/UnityEditor.LinuxStandalone.Extensions.dll
Registered in 0.001626 seconds.
Native extension for LinuxStandalone target not found
Native extension for WindowsStandalone target not found
Native extension for OSXStandalone target not found
Native extension for WebGL target not found
Refreshing native plugins compatible for Editor in 28.02 ms, found 0 plugins.
Preloading 0 native plugins for Editor in 0.00 ms.
Invoked RoslynAnalysisRunner static constructor.
RoslynAnalysisRunner will not be running.
RoslynAnalysisRunner has terminated.
Mono: successfully reloaded assembly
- Completed reload, in  1.079 seconds
Platform modules already initialized, skipping
Registering precompiled user dll's ...
Registered in 0.000607 seconds.
Begin MonoManager ReloadAssembly
Native extension for LinuxStandalone target not found
Native extension for WindowsStandalone target not found
Native extension for OSXStandalone target not found
Native extension for WebGL target not found
Refreshing native plugins compatible for Editor in 0.31 ms, found 0 plugins.
Preloading 0 native plugins for Editor in 0.00 ms.
Invoked RoslynAnalysisRunner static constructor.
RoslynAnalysisRunner will not be running.
RoslynAnalysisRunner has terminated.
Mono: successfully reloaded assembly
- Completed reload, in  1.173 seconds
Platform modules already initialized, skipping
========================================================================
Worker process is ready to serve import requests
Launched and connected shader compiler UnityShaderCompiler.exe after 0.06 seconds
Refreshing native plugins compatible for Editor in 0.23 ms, found 0 plugins.
Preloading 0 native plugins for Editor in 0.00 ms.
Unloading 1178 Unused Serialized files (Serialized files now loaded: 0)
System memory in use before: 61.2 MB.
System memory in use after: 61.3 MB.

Unloading 13 unused Assets to reduce memory usage. Loaded Objects now: 1624.
Total: 2.426900 ms (FindLiveObjects: 0.144000 ms CreateObjectMapping: 0.049600 ms MarkObjects: 2.161900 ms  DeleteObjects: 0.070000 ms)

========================================================================
Received Import Request.
  path: Assets/Scripts
  artifactKey: Guid(51ee7c6fb513ce14caad9a82d52ec31c) Importer(815301076,1909f56bfc062723c751e8b465ee728b)
Start importing Assets/Scripts using Guid(51ee7c6fb513ce14caad9a82d52ec31c) Importer(815301076,1909f56bfc062723c751e8b465ee728b)  -> (artifact id: 'ab2548ee4b96a428e0035cbf9c3705ca') in 0.128106 seconds
  Import took 0.200607 seconds .

========================================================================
Received Import Request.
  Time since last request: 15.033811 seconds.
  path: Assets/Scripts/GameManager.cs
  artifactKey: Guid(d25600a186b7d7548857f34724f40bdc) Importer(815301076,1909f56bfc062723c751e8b465ee728b)
Start importing Assets/Scripts/GameManager.cs using Guid(d25600a186b7d7548857f34724f40bdc) Importer(815301076,1909f56bfc062723c751e8b465ee728b)  -> (artifact id: '61d9956e48747d18351d0324fc55c7bb') in 0.069518 seconds
  Import took 0.073456 seconds .

========================================================================
Received Import Request.
  Time since last request: 0.024106 seconds.
  path: Assets/Scripts/GameManager.cs
  artifactKey: Guid(d25600a186b7d7548857f34724f40bdc) Importer(815301076,1909f56bfc062723c751e8b465ee728b)
Start importing Assets/Scripts/GameManager.cs using Guid(d25600a186b7d7548857f34724f40bdc) Importer(815301076,1909f56bfc062723c751e8b465ee728b)  -> (artifact id: '61d9956e48747d18351d0324fc55c7bb') in 0.001985 seconds
  Import took 0.005079 seconds .

========================================================================
Received Import Request.
  Time since last request: 8.720447 seconds.
  path: Assets/Scripts/EpilogueManager.cs
  artifactKey: Guid(3720c9fc765f372468971631a31a3f29) Importer(815301076,1909f56bfc062723c751e8b465ee728b)
Start importing Assets/Scripts/EpilogueManager.cs using Guid(3720c9fc765f372468971631a31a3f29) Importer(815301076,1909f56bfc062723c751e8b465ee728b)  -> (artifact id: '4615d19a9d55147b3e7a0a62dc482101') in 0.008305 seconds
  Import took 0.167496 seconds .

========================================================================
Received Import Request.
  Time since last request: 1.233057 seconds.
  path: Assets/Scripts/EvidenceCollectedController.cs
  artifactKey: Guid(0719dc5bc015b4345a66ae426af67abc) Importer(815301076,1909f56bfc062723c751e8b465ee728b)
Start importing Assets/Scripts/EvidenceCollectedController.cs using Guid(0719dc5bc015b4345a66ae426af67abc) Importer(815301076,1909f56bfc062723c751e8b465ee728b)  -> (artifact id: '4788956ac55311e108100dd6f18b0a24') in 0.041348 seconds
  Import took 0.043257 seconds .

AssetImportWorkerClient::OnTransportError - code=2 error=End of file
